# JRE version: OpenJDK Runtime Environment (8.0_242-b01) (build 1.8.0_242-release-1644-b01)
# Java VM: OpenJDK 64-Bit Server VM (25.242-b01 mixed mode windows-amd64 compressed oops)
Heap:
 PSYoungGen      total 492544K, used 272K [0x00000000d5580000, 0x00000000f4700000, 0x0000000100000000)
  eden space 478720K, 0% used [0x00000000d5580000,0x00000000d5580000,0x00000000f2900000)
  from space 13824K, 1% used [0x00000000f3980000,0x00000000f39c4180,0x00000000f4700000)
  to   space 15360K, 0% used [0x00000000f2900000,0x00000000f2900000,0x00000000f3800000)
 ParOldGen       total 62464K, used 14213K [0x0000000080000000, 0x0000000083d00000, 0x00000000d5580000)
  object space 62464K, 22% used [0x0000000080000000,0x0000000080de1570,0x0000000083d00000)
 Metaspace       used 34624K, capacity 35816K, committed 35968K, reserved 1087488K
  class space    used 4635K, capacity 4951K, committed 4992K, reserved 1048576K
GC Heap History (10 events):
Event: 3.827 GC heap after
Heap after GC invocations=6 (full 1):
 PSYoungGen      total 138240K, used 0K [0x00000000d5580000, 0x00000000e7380000, 0x0000000100000000)
  eden space 133120K, 0% used [0x00000000d5580000,0x00000000d5580000,0x00000000dd780000)
  from space 5120K, 0% used [0x00000000dd780000,0x00000000dd780000,0x00000000ddc80000)
  to   space 13312K, 0% used [0x00000000e6680000,0x00000000e6680000,0x00000000e7380000)
 ParOldGen       total 50176K, used 6760K [0x0000000080000000, 0x0000000083100000, 0x00000000d5580000)
  object space 50176K, 13% used [0x0000000080000000,0x000000008069a370,0x0000000083100000)
 Metaspace       used 20503K, capacity 21218K, committed 21296K, reserved 1067008K
  class space    used 2858K, capacity 3039K, committed 3072K, reserved 1048576K
}
Event: 8.702 GC heap before
{Heap before GC invocations=7 (full 1):
 PSYoungGen      total 138240K, used 133120K [0x00000000d5580000, 0x00000000e7380000, 0x0000000100000000)
  eden space 133120K, 100% used [0x00000000d5580000,0x00000000dd780000,0x00000000dd780000)
  from space 5120K, 0% used [0x00000000dd780000,0x00000000dd780000,0x00000000ddc80000)
  to   space 13312K, 0% used [0x00000000e6680000,0x00000000e6680000,0x00000000e7380000)
 ParOldGen       total 50176K, used 6760K [0x0000000080000000, 0x0000000083100000, 0x00000000d5580000)
  object space 50176K, 13% used [0x0000000080000000,0x000000008069a370,0x0000000083100000)
 Metaspace       used 32879K, capacity 33984K, committed 34176K, reserved 1079296K
  class space    used 4433K, capacity 4711K, committed 4736K, reserved 1048576K
Event: 8.745 GC heap after
Heap after GC invocations=7 (full 1):
 PSYoungGen      total 267776K, used 13301K [0x00000000d5580000, 0x00000000e7380000, 0x0000000100000000)
  eden space 254464K, 0% used [0x00000000d5580000,0x00000000d5580000,0x00000000e4e00000)
  from space 13312K, 99% used [0x00000000e6680000,0x00000000e737d500,0x00000000e7380000)
  to   space 15872K, 0% used [0x00000000e5480000,0x00000000e5480000,0x00000000e6400000)
 ParOldGen       total 50176K, used 6768K [0x0000000080000000, 0x0000000083100000, 0x00000000d5580000)
  object space 50176K, 13% used [0x0000000080000000,0x000000008069c370,0x0000000083100000)
 Metaspace       used 32879K, capacity 33984K, committed 34176K, reserved 1079296K
  class space    used 4433K, capacity 4711K, committed 4736K, reserved 1048576K
}
Event: 9.444 GC heap before
{Heap before GC invocations=8 (full 1):
 PSYoungGen      total 267776K, used 35436K [0x00000000d5580000, 0x00000000e7380000, 0x0000000100000000)
  eden space 254464K, 8% used [0x00000000d5580000,0x00000000d6b1db40,0x00000000e4e00000)
  from space 13312K, 99% used [0x00000000e6680000,0x00000000e737d500,0x00000000e7380000)
  to   space 15872K, 0% used [0x00000000e5480000,0x00000000e5480000,0x00000000e6400000)
 ParOldGen       total 50176K, used 6768K [0x0000000080000000, 0x0000000083100000, 0x00000000d5580000)
  object space 50176K, 13% used [0x0000000080000000,0x000000008069c370,0x0000000083100000)
 Metaspace       used 34153K, capacity 35330K, committed 35456K, reserved 1079296K
  class space    used 4619K, capacity 4918K, committed 4992K, reserved 1048576K
Event: 9.456 GC heap after
Heap after GC invocations=8 (full 1):
 PSYoungGen      total 276992K, used 7655K [0x00000000d5580000, 0x00000000f4800000, 0x0000000100000000)
  eden space 261120K, 0% used [0x00000000d5580000,0x00000000d5580000,0x00000000e5480000)
  from space 15872K, 48% used [0x00000000e5480000,0x00000000e5bf9c28,0x00000000e6400000)
  to   space 14848K, 0% used [0x00000000f3980000,0x00000000f3980000,0x00000000f4800000)
 ParOldGen       total 50176K, used 6776K [0x0000000080000000, 0x0000000083100000, 0x00000000d5580000)
  object space 50176K, 13% used [0x0000000080000000,0x000000008069e370,0x0000000083100000)
 Metaspace       used 34153K, capacity 35330K, committed 35456K, reserved 1079296K
  class space    used 4619K, capacity 4918K, committed 4992K, reserved 1048576K
}
Event: 9.456 GC heap before
{Heap before GC invocations=9 (full 2):
 PSYoungGen      total 276992K, used 7655K [0x00000000d5580000, 0x00000000f4800000, 0x0000000100000000)
  eden space 261120K, 0% used [0x00000000d5580000,0x00000000d5580000,0x00000000e5480000)
  from space 15872K, 48% used [0x00000000e5480000,0x00000000e5bf9c28,0x00000000e6400000)
  to   space 14848K, 0% used [0x00000000f3980000,0x00000000f3980000,0x00000000f4800000)
 ParOldGen       total 50176K, used 6776K [0x0000000080000000, 0x0000000083100000, 0x00000000d5580000)
  object space 50176K, 13% used [0x0000000080000000,0x000000008069e370,0x0000000083100000)
 Metaspace       used 34153K, capacity 35330K, committed 35456K, reserved 1079296K
  class space    used 4619K, capacity 4918K, committed 4992K, reserved 1048576K
Event: 9.549 GC heap after
Heap after GC invocations=9 (full 2):
 PSYoungGen      total 276992K, used 0K [0x00000000d5580000, 0x00000000f4800000, 0x0000000100000000)
  eden space 261120K, 0% used [0x00000000d5580000,0x00000000d5580000,0x00000000e5480000)
  from space 15872K, 0% used [0x00000000e5480000,0x00000000e5480000,0x00000000e6400000)
  to   space 14848K, 0% used [0x00000000f3980000,0x00000000f3980000,0x00000000f4800000)
 ParOldGen       total 62464K, used 14205K [0x0000000080000000, 0x0000000083d00000, 0x00000000d5580000)
  object space 62464K, 22% used [0x0000000080000000,0x0000000080ddf570,0x0000000083d00000)
 Metaspace       used 34153K, capacity 35330K, committed 35456K, reserved 1079296K
  class space    used 4619K, capacity 4918K, committed 4992K, reserved 1048576K
}
Event: 9.615 GC heap before
{Heap before GC invocations=10 (full 2):
 PSYoungGen      total 276992K, used 5524K [0x00000000d5580000, 0x00000000f4800000, 0x0000000100000000)
  eden space 261120K, 2% used [0x00000000d5580000,0x00000000d5ae5088,0x00000000e5480000)
  from space 15872K, 0% used [0x00000000e5480000,0x00000000e5480000,0x00000000e6400000)
  to   space 14848K, 0% used [0x00000000f3980000,0x00000000f3980000,0x00000000f4800000)
 ParOldGen       total 62464K, used 14205K [0x0000000080000000, 0x0000000083d00000, 0x00000000d5580000)
  object space 62464K, 22% used [0x0000000080000000,0x0000000080ddf570,0x0000000083d00000)
 Metaspace       used 34624K, capacity 35816K, committed 35968K, reserved 1087488K
  class space    used 4635K, capacity 4951K, committed 4992K, reserved 1048576K
Event: 9.616 GC heap after
Heap after GC invocations=10 (full 2):
 PSYoungGen      total 492544K, used 272K [0x00000000d5580000, 0x00000000f4700000, 0x0000000100000000)
  eden space 478720K, 0% used [0x00000000d5580000,0x00000000d5580000,0x00000000f2900000)
  from space 13824K, 1% used [0x00000000f3980000,0x00000000f39c4180,0x00000000f4700000)
  to   space 15360K, 0% used [0x00000000f2900000,0x00000000f2900000,0x00000000f3800000)
 ParOldGen       total 62464K, used 14213K [0x0000000080000000, 0x0000000083d00000, 0x00000000d5580000)
  object space 62464K, 22% used [0x0000000080000000,0x0000000080de1570,0x0000000083d00000)
 Metaspace       used 34624K, capacity 35816K, committed 35968K, reserved 1087488K
  class space    used 4635K, capacity 4951K, committed 4992K, reserved 1048576K
}
Event: 9.616 GC heap before
{Heap before GC invocations=11 (full 3):
 PSYoungGen      total 492544K, used 272K [0x00000000d5580000, 0x00000000f4700000, 0x0000000100000000)
  eden space 478720K, 0% used [0x00000000d5580000,0x00000000d5580000,0x00000000f2900000)
  from space 13824K, 1% used [0x00000000f3980000,0x00000000f39c4180,0x00000000f4700000)
  to   space 15360K, 0% used [0x00000000f2900000,0x00000000f2900000,0x00000000f3800000)
 ParOldGen       total 62464K, used 14213K [0x0000000080000000, 0x0000000083d00000, 0x00000000d5580000)
  object space 62464K, 22% used [0x0000000080000000,0x0000000080de1570,0x0000000083d00000)
 Metaspace       used 34624K, capacity 35816K, committed 35968K, reserved 1087488K
  class space    used 4635K, capacity 4951K, committed 4992K, reserved 1048576K

